2015-05-22 15:53:19,271 [main] ERROR org.eclipse.jgit.util.FS - Caught exception in FS.readPipe()
java.io.IOException: Cannot run program "bash" (in directory "C:\Users\DEVELOPER"): CreateProcess error=2, The system cannot find the file specified
	at java.lang.ProcessBuilder.start(Unknown Source) ~[na:1.7.0_67]
	at java.lang.Runtime.exec(Unknown Source) ~[na:1.7.0_67]
	at org.eclipse.jgit.util.FS.readPipe(FS.java:431) [org.eclipse.jgit_3.7.0.201502260915-r.jar:3.7.0.201502260915-r]
	at org.eclipse.jgit.util.FS_Win32.discoverGitPrefix(FS_Win32.java:113) [org.eclipse.jgit_3.7.0.201502260915-r.jar:3.7.0.201502260915-r]
	at org.eclipse.jgit.util.FS.gitPrefix(FS.java:517) [org.eclipse.jgit_3.7.0.201502260915-r.jar:3.7.0.201502260915-r]
	at org.eclipse.egit.ui.internal.ConfigurationChecker.checkGitPrefix(ConfigurationChecker.java:69) [org.eclipse.egit.ui_3.7.0.201502260915-r.jar:na]
	at org.eclipse.egit.ui.internal.ConfigurationChecker.check(ConfigurationChecker.java:61) [org.eclipse.egit.ui_3.7.0.201502260915-r.jar:na]
	at org.eclipse.egit.ui.internal.ConfigurationChecker.access$0(ConfigurationChecker.java:60) [org.eclipse.egit.ui_3.7.0.201502260915-r.jar:na]
	at org.eclipse.egit.ui.internal.ConfigurationChecker$1$1.run(ConfigurationChecker.java:48) [org.eclipse.egit.ui_3.7.0.201502260915-r.jar:na]
	at org.eclipse.swt.widgets.RunnableLock.run(RunnableLock.java:35) [org.eclipse.swt.win32.win32.x86_64_3.103.2.v20150203-1351.jar:na]
	at org.eclipse.swt.widgets.Synchronizer.runAsyncMessages(Synchronizer.java:136) [org.eclipse.swt.win32.win32.x86_64_3.103.2.v20150203-1351.jar:na]
	at org.eclipse.swt.widgets.Display.runAsyncMessages(Display.java:4147) [org.eclipse.swt.win32.win32.x86_64_3.103.2.v20150203-1351.jar:na]
	at org.eclipse.swt.widgets.Display.readAndDispatch(Display.java:3764) [org.eclipse.swt.win32.win32.x86_64_3.103.2.v20150203-1351.jar:na]
	at org.eclipse.e4.ui.internal.workbench.swt.PartRenderingEngine$9.run(PartRenderingEngine.java:1151) [org.eclipse.e4.ui.workbench.swt_0.12.100.v20141126-1150.jar:na]
	at org.eclipse.core.databinding.observable.Realm.runWithDefault(Realm.java:332) [org.eclipse.core.databinding.observable_1.4.1.v20140210-1835.jar:na]
	at org.eclipse.e4.ui.internal.workbench.swt.PartRenderingEngine.run(PartRenderingEngine.java:1032) [org.eclipse.e4.ui.workbench.swt_0.12.100.v20141126-1150.jar:na]
	at org.eclipse.e4.ui.internal.workbench.E4Workbench.createAndRunUI(E4Workbench.java:148) [org.eclipse.e4.ui.workbench_1.2.2.v20141212-1259.jar:na]
	at org.eclipse.ui.internal.Workbench$5.run(Workbench.java:636) [org.eclipse.ui.workbench_3.106.2.v20150204-1030.jar:na]
	at org.eclipse.core.databinding.observable.Realm.runWithDefault(Realm.java:332) [org.eclipse.core.databinding.observable_1.4.1.v20140210-1835.jar:na]
	at org.eclipse.ui.internal.Workbench.createAndRunWorkbench(Workbench.java:579) [org.eclipse.ui.workbench_3.106.2.v20150204-1030.jar:na]
	at org.eclipse.ui.PlatformUI.createAndRunWorkbench(PlatformUI.java:150) [org.eclipse.ui.workbench_3.106.2.v20150204-1030.jar:na]
	at org.eclipse.ui.internal.ide.application.IDEApplication.start(IDEApplication.java:135) [org.eclipse.ui.ide.application_1.0.501.v20141111-1238.jar:na]
	at org.eclipse.equinox.internal.app.EclipseAppHandle.run(EclipseAppHandle.java:196) [org.eclipse.equinox.app_1.3.200.v20130910-1609.jar:na]
	at org.eclipse.core.runtime.internal.adaptor.EclipseAppLauncher.runApplication(EclipseAppLauncher.java:134) [org.eclipse.osgi_3.10.2.v20150203-1939.jar:na]
	at org.eclipse.core.runtime.internal.adaptor.EclipseAppLauncher.start(EclipseAppLauncher.java:104) [org.eclipse.osgi_3.10.2.v20150203-1939.jar:na]
	at org.eclipse.core.runtime.adaptor.EclipseStarter.run(EclipseStarter.java:380) [org.eclipse.osgi_3.10.2.v20150203-1939.jar:na]
	at org.eclipse.core.runtime.adaptor.EclipseStarter.run(EclipseStarter.java:235) [org.eclipse.osgi_3.10.2.v20150203-1939.jar:na]
	at sun.reflect.NativeMethodAccessorImpl.invoke0(Native Method) ~[na:1.7.0_67]
	at sun.reflect.NativeMethodAccessorImpl.invoke(Unknown Source) ~[na:1.7.0_67]
	at sun.reflect.DelegatingMethodAccessorImpl.invoke(Unknown Source) ~[na:1.7.0_67]
	at java.lang.reflect.Method.invoke(Unknown Source) ~[na:1.7.0_67]
	at org.eclipse.equinox.launcher.Main.invokeFramework(Main.java:648) [org.eclipse.equinox.launcher_1.3.0.v20140415-2008.jar:na]
	at org.eclipse.equinox.launcher.Main.basicRun(Main.java:603) [org.eclipse.equinox.launcher_1.3.0.v20140415-2008.jar:na]
	at org.eclipse.equinox.launcher.Main.run(Main.java:1465) [org.eclipse.equinox.launcher_1.3.0.v20140415-2008.jar:na]
	at org.eclipse.equinox.launcher.Main.main(Main.java:1438) [org.eclipse.equinox.launcher_1.3.0.v20140415-2008.jar:na]
Caused by: java.io.IOException: CreateProcess error=2, The system cannot find the file specified
	at java.lang.ProcessImpl.create(Native Method) ~[na:1.7.0_67]
	at java.lang.ProcessImpl.<init>(Unknown Source) ~[na:1.7.0_67]
	at java.lang.ProcessImpl.start(Unknown Source) ~[na:1.7.0_67]
	... 35 common frames omitted
2015-05-27 12:34:48,525 [main] ERROR org.eclipse.jgit.util.FS - Caught exception in FS.readPipe()
java.io.IOException: Cannot run program "bash" (in directory "C:\Users\DEVELOPER"): CreateProcess error=2, The system cannot find the file specified
	at java.lang.ProcessBuilder.start(Unknown Source) ~[na:1.7.0_67]
	at java.lang.Runtime.exec(Unknown Source) ~[na:1.7.0_67]
	at org.eclipse.jgit.util.FS.readPipe(FS.java:431) [org.eclipse.jgit_3.7.0.201502260915-r.jar:3.7.0.201502260915-r]
	at org.eclipse.jgit.util.FS_Win32.discoverGitPrefix(FS_Win32.java:113) [org.eclipse.jgit_3.7.0.201502260915-r.jar:3.7.0.201502260915-r]
	at org.eclipse.jgit.util.FS.gitPrefix(FS.java:517) [org.eclipse.jgit_3.7.0.201502260915-r.jar:3.7.0.201502260915-r]
	at org.eclipse.jgit.util.SystemReader$Default.openSystemConfig(SystemReader.java:92) [org.eclipse.jgit_3.7.0.201502260915-r.jar:3.7.0.201502260915-r]
	at org.eclipse.jgit.internal.storage.file.FileRepository.<init>(FileRepository.java:171) [org.eclipse.jgit_3.7.0.201502260915-r.jar:3.7.0.201502260915-r]
	at org.eclipse.jgit.storage.file.FileRepositoryBuilder.build(FileRepositoryBuilder.java:92) [org.eclipse.jgit_3.7.0.201502260915-r.jar:3.7.0.201502260915-r]
	at org.eclipse.jgit.storage.file.FileRepositoryBuilder.create(FileRepositoryBuilder.java:110) [org.eclipse.jgit_3.7.0.201502260915-r.jar:3.7.0.201502260915-r]
	at org.eclipse.egit.core.RepositoryCache.lookupRepository(RepositoryCache.java:55) [org.eclipse.egit.core_3.7.0.201502260915-r.jar:na]
	at org.eclipse.egit.core.project.GitProjectData.map(GitProjectData.java:503) [org.eclipse.egit.core_3.7.0.201502260915-r.jar:na]
	at org.eclipse.egit.core.project.GitProjectData.remapAll(GitProjectData.java:471) [org.eclipse.egit.core_3.7.0.201502260915-r.jar:na]
	at org.eclipse.egit.core.project.GitProjectData.load(GitProjectData.java:464) [org.eclipse.egit.core_3.7.0.201502260915-r.jar:na]
	at org.eclipse.egit.core.project.GitProjectData.get(GitProjectData.java:204) [org.eclipse.egit.core_3.7.0.201502260915-r.jar:na]
	at org.eclipse.egit.core.GitProvider.getData(GitProvider.java:86) [org.eclipse.egit.core_3.7.0.201502260915-r.jar:na]
	at org.eclipse.egit.core.project.RepositoryMapping.getMapping(RepositoryMapping.java:318) [org.eclipse.egit.core_3.7.0.201502260915-r.jar:na]
	at org.eclipse.egit.ui.Activator$ResourceRefreshJob.triggerRefresh(Activator.java:434) [org.eclipse.egit.ui_3.7.0.201502260915-r.jar:na]
	at org.eclipse.egit.ui.Activator$1.windowActivated(Activator.java:287) [org.eclipse.egit.ui_3.7.0.201502260915-r.jar:na]
	at org.eclipse.ui.internal.Workbench$11.run(Workbench.java:1045) [org.eclipse.ui.workbench_3.106.2.v20150204-1030.jar:na]
	at org.eclipse.core.runtime.SafeRunner.run(SafeRunner.java:42) [org.eclipse.equinox.common_3.6.200.v20130402-1505.jar:na]
	at org.eclipse.ui.internal.Workbench.fireWindowActivated(Workbench.java:1042) [org.eclipse.ui.workbench_3.106.2.v20150204-1030.jar:na]
	at org.eclipse.ui.internal.WorkbenchWindow$14.shellActivated(WorkbenchWindow.java:2285) [org.eclipse.ui.workbench_3.106.2.v20150204-1030.jar:na]
	at org.eclipse.swt.widgets.TypedListener.handleEvent(TypedListener.java:88) [org.eclipse.swt.win32.win32.x86_64_3.103.2.v20150203-1351.jar:na]
	at org.eclipse.swt.widgets.EventTable.sendEvent(EventTable.java:84) [org.eclipse.swt.win32.win32.x86_64_3.103.2.v20150203-1351.jar:na]
	at org.eclipse.swt.widgets.Display.sendEvent(Display.java:4353) [org.eclipse.swt.win32.win32.x86_64_3.103.2.v20150203-1351.jar:na]
	at org.eclipse.swt.widgets.Widget.sendEvent(Widget.java:1061) [org.eclipse.swt.win32.win32.x86_64_3.103.2.v20150203-1351.jar:na]
	at org.eclipse.swt.widgets.Widget.sendEvent(Widget.java:1085) [org.eclipse.swt.win32.win32.x86_64_3.103.2.v20150203-1351.jar:na]
	at org.eclipse.swt.widgets.Widget.sendEvent(Widget.java:1070) [org.eclipse.swt.win32.win32.x86_64_3.103.2.v20150203-1351.jar:na]
	at org.eclipse.swt.widgets.Decorations.WM_ACTIVATE(Decorations.java:1666) [org.eclipse.swt.win32.win32.x86_64_3.103.2.v20150203-1351.jar:na]
	at org.eclipse.swt.widgets.Shell.WM_ACTIVATE(Shell.java:2151) [org.eclipse.swt.win32.win32.x86_64_3.103.2.v20150203-1351.jar:na]
	at org.eclipse.swt.widgets.Control.windowProc(Control.java:4607) [org.eclipse.swt.win32.win32.x86_64_3.103.2.v20150203-1351.jar:na]
	at org.eclipse.swt.widgets.Canvas.windowProc(Canvas.java:339) [org.eclipse.swt.win32.win32.x86_64_3.103.2.v20150203-1351.jar:na]
	at org.eclipse.swt.widgets.Decorations.windowProc(Decorations.java:1626) [org.eclipse.swt.win32.win32.x86_64_3.103.2.v20150203-1351.jar:na]
	at org.eclipse.swt.widgets.Shell.windowProc(Shell.java:2075) [org.eclipse.swt.win32.win32.x86_64_3.103.2.v20150203-1351.jar:na]
	at org.eclipse.swt.widgets.Display.windowProc(Display.java:5023) [org.eclipse.swt.win32.win32.x86_64_3.103.2.v20150203-1351.jar:na]
	at org.eclipse.swt.internal.win32.OS.BringWindowToTop(Native Method) [org.eclipse.swt.win32.win32.x86_64_3.103.2.v20150203-1351.jar:na]
	at org.eclipse.swt.widgets.Decorations.bringToTop(Decorations.java:230) [org.eclipse.swt.win32.win32.x86_64_3.103.2.v20150203-1351.jar:na]
	at org.eclipse.swt.widgets.Shell.open(Shell.java:1217) [org.eclipse.swt.win32.win32.x86_64_3.103.2.v20150203-1351.jar:na]
	at org.eclipse.e4.ui.workbench.renderers.swt.WBWRenderer.postProcess(WBWRenderer.java:744) [org.eclipse.e4.ui.workbench.renderers.swt_0.12.2.v20150204-1353.jar:na]
	at org.eclipse.e4.ui.internal.workbench.swt.PartRenderingEngine.safeCreateGui(PartRenderingEngine.java:678) [org.eclipse.e4.ui.workbench.swt_0.12.100.v20141126-1150.jar:na]
	at org.eclipse.e4.ui.internal.workbench.swt.PartRenderingEngine.safeCreateGui(PartRenderingEngine.java:766) [org.eclipse.e4.ui.workbench.swt_0.12.100.v20141126-1150.jar:na]
	at org.eclipse.e4.ui.internal.workbench.swt.PartRenderingEngine.access$2(PartRenderingEngine.java:737) [org.eclipse.e4.ui.workbench.swt_0.12.100.v20141126-1150.jar:na]
	at org.eclipse.e4.ui.internal.workbench.swt.PartRenderingEngine$7.run(PartRenderingEngine.java:731) [org.eclipse.e4.ui.workbench.swt_0.12.100.v20141126-1150.jar:na]
	at org.eclipse.core.runtime.SafeRunner.run(SafeRunner.java:42) [org.eclipse.equinox.common_3.6.200.v20130402-1505.jar:na]
	at org.eclipse.e4.ui.internal.workbench.swt.PartRenderingEngine.createGui(PartRenderingEngine.java:715) [org.eclipse.e4.ui.workbench.swt_0.12.100.v20141126-1150.jar:na]
	at org.eclipse.e4.ui.internal.workbench.swt.PartRenderingEngine$9.run(PartRenderingEngine.java:1078) [org.eclipse.e4.ui.workbench.swt_0.12.100.v20141126-1150.jar:na]
	at org.eclipse.core.databinding.observable.Realm.runWithDefault(Realm.java:332) [org.eclipse.core.databinding.observable_1.4.1.v20140210-1835.jar:na]
	at org.eclipse.e4.ui.internal.workbench.swt.PartRenderingEngine.run(PartRenderingEngine.java:1032) [org.eclipse.e4.ui.workbench.swt_0.12.100.v20141126-1150.jar:na]
	at org.eclipse.e4.ui.internal.workbench.E4Workbench.createAndRunUI(E4Workbench.java:148) [org.eclipse.e4.ui.workbench_1.2.2.v20141212-1259.jar:na]
	at org.eclipse.ui.internal.Workbench$5.run(Workbench.java:636) [org.eclipse.ui.workbench_3.106.2.v20150204-1030.jar:na]
	at org.eclipse.core.databinding.observable.Realm.runWithDefault(Realm.java:332) [org.eclipse.core.databinding.observable_1.4.1.v20140210-1835.jar:na]
	at org.eclipse.ui.internal.Workbench.createAndRunWorkbench(Workbench.java:579) [org.eclipse.ui.workbench_3.106.2.v20150204-1030.jar:na]
	at org.eclipse.ui.PlatformUI.createAndRunWorkbench(PlatformUI.java:150) [org.eclipse.ui.workbench_3.106.2.v20150204-1030.jar:na]
	at org.eclipse.ui.internal.ide.application.IDEApplication.start(IDEApplication.java:135) [org.eclipse.ui.ide.application_1.0.501.v20141111-1238.jar:na]
	at org.eclipse.equinox.internal.app.EclipseAppHandle.run(EclipseAppHandle.java:196) [org.eclipse.equinox.app_1.3.200.v20130910-1609.jar:na]
	at org.eclipse.core.runtime.internal.adaptor.EclipseAppLauncher.runApplication(EclipseAppLauncher.java:134) [org.eclipse.osgi_3.10.2.v20150203-1939.jar:na]
	at org.eclipse.core.runtime.internal.adaptor.EclipseAppLauncher.start(EclipseAppLauncher.java:104) [org.eclipse.osgi_3.10.2.v20150203-1939.jar:na]
	at org.eclipse.core.runtime.adaptor.EclipseStarter.run(EclipseStarter.java:380) [org.eclipse.osgi_3.10.2.v20150203-1939.jar:na]
	at org.eclipse.core.runtime.adaptor.EclipseStarter.run(EclipseStarter.java:235) [org.eclipse.osgi_3.10.2.v20150203-1939.jar:na]
	at sun.reflect.NativeMethodAccessorImpl.invoke0(Native Method) ~[na:1.7.0_67]
	at sun.reflect.NativeMethodAccessorImpl.invoke(Unknown Source) ~[na:1.7.0_67]
	at sun.reflect.DelegatingMethodAccessorImpl.invoke(Unknown Source) ~[na:1.7.0_67]
	at java.lang.reflect.Method.invoke(Unknown Source) ~[na:1.7.0_67]
	at org.eclipse.equinox.launcher.Main.invokeFramework(Main.java:648) [org.eclipse.equinox.launcher_1.3.0.v20140415-2008.jar:na]
	at org.eclipse.equinox.launcher.Main.basicRun(Main.java:603) [org.eclipse.equinox.launcher_1.3.0.v20140415-2008.jar:na]
	at org.eclipse.equinox.launcher.Main.run(Main.java:1465) [org.eclipse.equinox.launcher_1.3.0.v20140415-2008.jar:na]
	at org.eclipse.equinox.launcher.Main.main(Main.java:1438) [org.eclipse.equinox.launcher_1.3.0.v20140415-2008.jar:na]
Caused by: java.io.IOException: CreateProcess error=2, The system cannot find the file specified
	at java.lang.ProcessImpl.create(Native Method) ~[na:1.7.0_67]
	at java.lang.ProcessImpl.<init>(Unknown Source) ~[na:1.7.0_67]
	at java.lang.ProcessImpl.start(Unknown Source) ~[na:1.7.0_67]
	... 67 common frames omitted
2015-05-27 13:05:40,941 [Worker-7] INFO  o.e.m.c.i.e.AbstractTransferListenerAdapter - Downloading https://repo.spring.io/libs-release/org/springframework/boot/spring-boot-starter-parent/1.2.3.RELEASE/spring-boot-starter-parent-1.2.3.RELEASE.pom
2015-05-27 13:05:41,074 [Worker-7] INFO  o.e.m.c.i.e.AbstractTransferListenerAdapter - Downloaded https://repo.spring.io/libs-release/org/springframework/boot/spring-boot-starter-parent/1.2.3.RELEASE/spring-boot-starter-parent-1.2.3.RELEASE.pom
2015-05-27 13:05:41,374 [Worker-7] INFO  o.e.m.c.i.e.AbstractTransferListenerAdapter - Downloading https://repo.spring.io/libs-release/org/springframework/boot/spring-boot-dependencies/1.2.3.RELEASE/spring-boot-dependencies-1.2.3.RELEASE.pom
2015-05-27 13:05:41,674 [Worker-7] INFO  o.e.m.c.i.e.AbstractTransferListenerAdapter - Downloaded https://repo.spring.io/libs-release/org/springframework/boot/spring-boot-dependencies/1.2.3.RELEASE/spring-boot-dependencies-1.2.3.RELEASE.pom
2015-05-27 13:05:41,974 [Worker-7] INFO  o.e.m.c.i.e.AbstractTransferListenerAdapter - Downloading https://repo.spring.io/libs-release/org/springframework/spring-framework-bom/4.1.6.RELEASE/spring-framework-bom-4.1.6.RELEASE.pom
2015-05-27 13:05:42,094 [Worker-7] INFO  o.e.m.c.i.e.AbstractTransferListenerAdapter - Downloaded https://repo.spring.io/libs-release/org/springframework/spring-framework-bom/4.1.6.RELEASE/spring-framework-bom-4.1.6.RELEASE.pom
2015-05-27 13:05:42,361 [Worker-7] INFO  o.e.m.c.i.e.AbstractTransferListenerAdapter - Downloading https://repo.spring.io/libs-release/org/springframework/data/spring-data-releasetrain/Evans-SR2/spring-data-releasetrain-Evans-SR2.pom
2015-05-27 13:05:42,481 [Worker-7] INFO  o.e.m.c.i.e.AbstractTransferListenerAdapter - Downloaded https://repo.spring.io/libs-release/org/springframework/data/spring-data-releasetrain/Evans-SR2/spring-data-releasetrain-Evans-SR2.pom
2015-05-27 13:05:42,741 [Worker-7] INFO  o.e.m.c.i.e.AbstractTransferListenerAdapter - Downloading https://repo.spring.io/libs-release/org/springframework/data/build/spring-data-build/1.5.2.RELEASE/spring-data-build-1.5.2.RELEASE.pom
2015-05-27 13:05:42,861 [Worker-7] INFO  o.e.m.c.i.e.AbstractTransferListenerAdapter - Downloaded https://repo.spring.io/libs-release/org/springframework/data/build/spring-data-build/1.5.2.RELEASE/spring-data-build-1.5.2.RELEASE.pom
2015-05-27 13:05:43,150 [Worker-7] INFO  o.e.m.c.i.e.AbstractTransferListenerAdapter - Downloading https://repo.spring.io/libs-release/org/springframework/integration/spring-integration-bom/4.1.2.RELEASE/spring-integration-bom-4.1.2.RELEASE.pom
2015-05-27 13:05:43,270 [Worker-7] INFO  o.e.m.c.i.e.AbstractTransferListenerAdapter - Downloaded https://repo.spring.io/libs-release/org/springframework/integration/spring-integration-bom/4.1.2.RELEASE/spring-integration-bom-4.1.2.RELEASE.pom
2015-05-27 13:05:43,580 [Worker-7] INFO  o.e.m.c.i.e.AbstractTransferListenerAdapter - Downloading https://repo.spring.io/libs-release/org/springframework/security/spring-security-bom/3.2.7.RELEASE/spring-security-bom-3.2.7.RELEASE.pom
2015-05-27 13:05:43,720 [Worker-7] INFO  o.e.m.c.i.e.AbstractTransferListenerAdapter - Downloaded https://repo.spring.io/libs-release/org/springframework/security/spring-security-bom/3.2.7.RELEASE/spring-security-bom-3.2.7.RELEASE.pom
2015-05-27 13:05:44,320 [Worker-7] INFO  o.e.m.c.i.e.AbstractTransferListenerAdapter - Downloading https://repo.spring.io/libs-release/org/springframework/boot/spring-boot-maven-plugin/1.2.3.RELEASE/spring-boot-maven-plugin-1.2.3.RELEASE.pom
2015-05-27 13:05:44,490 [Worker-7] INFO  o.e.m.c.i.e.AbstractTransferListenerAdapter - Downloaded https://repo.spring.io/libs-release/org/springframework/boot/spring-boot-maven-plugin/1.2.3.RELEASE/spring-boot-maven-plugin-1.2.3.RELEASE.pom
2015-05-27 13:05:44,750 [Worker-7] INFO  o.e.m.c.i.e.AbstractTransferListenerAdapter - Downloading https://repo.spring.io/libs-release/org/springframework/boot/spring-boot-tools/1.2.3.RELEASE/spring-boot-tools-1.2.3.RELEASE.pom
2015-05-27 13:05:44,860 [Worker-7] INFO  o.e.m.c.i.e.AbstractTransferListenerAdapter - Downloaded https://repo.spring.io/libs-release/org/springframework/boot/spring-boot-tools/1.2.3.RELEASE/spring-boot-tools-1.2.3.RELEASE.pom
2015-05-27 13:05:45,136 [Worker-7] INFO  o.e.m.c.i.e.AbstractTransferListenerAdapter - Downloading https://repo.spring.io/libs-release/org/springframework/boot/spring-boot-parent/1.2.3.RELEASE/spring-boot-parent-1.2.3.RELEASE.pom
2015-05-27 13:05:45,296 [Worker-7] INFO  o.e.m.c.i.e.AbstractTransferListenerAdapter - Downloaded https://repo.spring.io/libs-release/org/springframework/boot/spring-boot-parent/1.2.3.RELEASE/spring-boot-parent-1.2.3.RELEASE.pom
2015-05-27 13:05:45,646 [Worker-7] INFO  o.e.m.c.i.e.AbstractTransferListenerAdapter - Downloading https://repo.spring.io/libs-release/org/springframework/boot/spring-boot-maven-plugin/1.2.3.RELEASE/spring-boot-maven-plugin-1.2.3.RELEASE.jar
2015-05-27 13:05:45,896 [Worker-7] INFO  o.e.m.c.i.e.AbstractTransferListenerAdapter - Downloaded https://repo.spring.io/libs-release/org/springframework/boot/spring-boot-maven-plugin/1.2.3.RELEASE/spring-boot-maven-plugin-1.2.3.RELEASE.jar
2015-05-27 13:05:46,568 [Worker-7] INFO  o.e.m.c.i.e.AbstractTransferListenerAdapter - Downloading https://repo.spring.io/libs-release/org/apache/maven/plugins/maven-clean-plugin/2.5/maven-clean-plugin-2.5.jar
2015-05-27 13:05:46,748 [Worker-7] INFO  o.e.m.c.i.e.AbstractTransferListenerAdapter - Downloaded https://repo.spring.io/libs-release/org/apache/maven/plugins/maven-clean-plugin/2.5/maven-clean-plugin-2.5.jar
2015-05-27 13:05:47,329 [Worker-7] INFO  o.e.m.c.i.e.AbstractTransferListenerAdapter - Downloading https://repo.spring.io/libs-release/org/apache/maven/plugins/maven-resources-plugin/2.6/maven-resources-plugin-2.6.jar
2015-05-27 13:05:47,519 [Worker-7] INFO  o.e.m.c.i.e.AbstractTransferListenerAdapter - Downloaded https://repo.spring.io/libs-release/org/apache/maven/plugins/maven-resources-plugin/2.6/maven-resources-plugin-2.6.jar
2015-05-27 13:05:47,889 [Worker-7] INFO  o.e.m.c.i.e.AbstractTransferListenerAdapter - Downloading https://repo.spring.io/libs-release/org/apache/maven/plugins/maven-surefire-plugin/2.17/maven-surefire-plugin-2.17.jar
2015-05-27 13:05:48,344 [Worker-7] INFO  o.e.m.c.i.e.AbstractTransferListenerAdapter - Downloaded https://repo.spring.io/libs-release/org/apache/maven/plugins/maven-surefire-plugin/2.17/maven-surefire-plugin-2.17.jar
2015-05-27 13:05:48,684 [Worker-7] INFO  o.e.m.c.i.e.AbstractTransferListenerAdapter - Downloading https://repo.spring.io/libs-release/org/apache/maven/plugins/maven-jar-plugin/2.5/maven-jar-plugin-2.5.jar
2015-05-27 13:05:48,874 [Worker-7] INFO  o.e.m.c.i.e.AbstractTransferListenerAdapter - Downloaded https://repo.spring.io/libs-release/org/apache/maven/plugins/maven-jar-plugin/2.5/maven-jar-plugin-2.5.jar
2015-05-27 13:05:48,924 [Worker-7] WARN  o.e.m.c.i.embedder.EclipseLogger - Failed to dispatch repository event to org.eclipse.m2e.core.internal.embedder.EclipseRepositoryListener: null
2015-05-27 13:05:52,471 [Worker-7] INFO  o.e.m.c.i.e.AbstractTransferListenerAdapter - Downloading https://repo.spring.io/libs-release/org/apache/maven/plugins/maven-install-plugin/2.5.2/maven-install-plugin-2.5.2.jar
2015-05-27 13:05:52,691 [Worker-7] INFO  o.e.m.c.i.e.AbstractTransferListenerAdapter - Downloaded https://repo.spring.io/libs-release/org/apache/maven/plugins/maven-install-plugin/2.5.2/maven-install-plugin-2.5.2.jar
2015-05-27 13:05:53,021 [Worker-7] INFO  o.e.m.c.i.e.AbstractTransferListenerAdapter - Downloading https://repo.spring.io/libs-release/org/apache/maven/plugins/maven-deploy-plugin/2.8.2/maven-deploy-plugin-2.8.2.jar
2015-05-27 13:05:53,261 [Worker-7] INFO  o.e.m.c.i.e.AbstractTransferListenerAdapter - Downloaded https://repo.spring.io/libs-release/org/apache/maven/plugins/maven-deploy-plugin/2.8.2/maven-deploy-plugin-2.8.2.jar
2015-05-27 13:05:53,781 [Worker-7] INFO  o.e.m.c.i.e.AbstractTransferListenerAdapter - Downloading https://repo.spring.io/libs-release/org/apache/maven/plugins/maven-site-plugin/3.4/maven-site-plugin-3.4.jar
2015-05-27 13:05:54,238 [Worker-7] INFO  o.e.m.c.i.e.AbstractTransferListenerAdapter - Downloaded https://repo.spring.io/libs-release/org/apache/maven/plugins/maven-site-plugin/3.4/maven-site-plugin-3.4.jar
2015-05-27 13:05:55,694 [Worker-7] INFO  o.e.m.c.i.l.LifecycleMappingFactory - Using org.eclipse.m2e.jdt.JarLifecycleMapping lifecycle mapping for MavenProject: org.springframework:gs-rest-service:0.1.0 @ C:\Git\spring-learning\gs-rest-service-complete\pom.xml.
2015-05-27 13:05:55,984 [Worker-7] INFO  o.e.m.c.i.e.AbstractTransferListenerAdapter - Downloading https://repo.spring.io/libs-release/org/springframework/boot/spring-boot-starter-web/1.2.3.RELEASE/spring-boot-starter-web-1.2.3.RELEASE.pom
2015-05-27 13:05:56,124 [Worker-7] INFO  o.e.m.c.i.e.AbstractTransferListenerAdapter - Downloaded https://repo.spring.io/libs-release/org/springframework/boot/spring-boot-starter-web/1.2.3.RELEASE/spring-boot-starter-web-1.2.3.RELEASE.pom
2015-05-27 13:05:56,383 [Worker-7] INFO  o.e.m.c.i.e.AbstractTransferListenerAdapter - Downloading https://repo.spring.io/libs-release/org/springframework/boot/spring-boot-starters/1.2.3.RELEASE/spring-boot-starters-1.2.3.RELEASE.pom
2015-05-27 13:05:56,513 [Worker-7] INFO  o.e.m.c.i.e.AbstractTransferListenerAdapter - Downloaded https://repo.spring.io/libs-release/org/springframework/boot/spring-boot-starters/1.2.3.RELEASE/spring-boot-starters-1.2.3.RELEASE.pom
2015-05-27 13:05:56,793 [Worker-7] INFO  o.e.m.c.i.e.AbstractTransferListenerAdapter - Downloading https://repo.spring.io/libs-release/org/springframework/boot/spring-boot-starter/1.2.3.RELEASE/spring-boot-starter-1.2.3.RELEASE.pom
2015-05-27 13:05:56,923 [Worker-7] INFO  o.e.m.c.i.e.AbstractTransferListenerAdapter - Downloaded https://repo.spring.io/libs-release/org/springframework/boot/spring-boot-starter/1.2.3.RELEASE/spring-boot-starter-1.2.3.RELEASE.pom
2015-05-27 13:05:57,209 [Worker-7] INFO  o.e.m.c.i.e.AbstractTransferListenerAdapter - Downloading https://repo.spring.io/libs-release/org/springframework/boot/spring-boot/1.2.3.RELEASE/spring-boot-1.2.3.RELEASE.pom
2015-05-27 13:05:57,329 [Worker-7] INFO  o.e.m.c.i.e.AbstractTransferListenerAdapter - Downloaded https://repo.spring.io/libs-release/org/springframework/boot/spring-boot/1.2.3.RELEASE/spring-boot-1.2.3.RELEASE.pom
2015-05-27 13:05:57,619 [Worker-7] INFO  o.e.m.c.i.e.AbstractTransferListenerAdapter - Downloading https://repo.spring.io/libs-release/org/springframework/spring-core/4.1.6.RELEASE/spring-core-4.1.6.RELEASE.pom
2015-05-27 13:05:57,749 [Worker-7] INFO  o.e.m.c.i.e.AbstractTransferListenerAdapter - Downloaded https://repo.spring.io/libs-release/org/springframework/spring-core/4.1.6.RELEASE/spring-core-4.1.6.RELEASE.pom
2015-05-27 13:05:58,028 [Worker-7] INFO  o.e.m.c.i.e.AbstractTransferListenerAdapter - Downloading https://repo.spring.io/libs-release/org/springframework/spring-context/4.1.6.RELEASE/spring-context-4.1.6.RELEASE.pom
2015-05-27 13:05:58,153 [Worker-7] INFO  o.e.m.c.i.e.AbstractTransferListenerAdapter - Downloaded https://repo.spring.io/libs-release/org/springframework/spring-context/4.1.6.RELEASE/spring-context-4.1.6.RELEASE.pom
2015-05-27 13:05:58,413 [Worker-7] INFO  o.e.m.c.i.e.AbstractTransferListenerAdapter - Downloading https://repo.spring.io/libs-release/org/springframework/spring-aop/4.1.6.RELEASE/spring-aop-4.1.6.RELEASE.pom
2015-05-27 13:05:58,563 [Worker-7] INFO  o.e.m.c.i.e.AbstractTransferListenerAdapter - Downloaded https://repo.spring.io/libs-release/org/springframework/spring-aop/4.1.6.RELEASE/spring-aop-4.1.6.RELEASE.pom
2015-05-27 13:05:58,823 [Worker-7] INFO  o.e.m.c.i.e.AbstractTransferListenerAdapter - Downloading https://repo.spring.io/libs-release/org/springframework/spring-beans/4.1.6.RELEASE/spring-beans-4.1.6.RELEASE.pom
2015-05-27 13:05:58,942 [Worker-7] INFO  o.e.m.c.i.e.AbstractTransferListenerAdapter - Downloaded https://repo.spring.io/libs-release/org/springframework/spring-beans/4.1.6.RELEASE/spring-beans-4.1.6.RELEASE.pom
2015-05-27 13:05:59,220 [Worker-7] INFO  o.e.m.c.i.e.AbstractTransferListenerAdapter - Downloading https://repo.spring.io/libs-release/org/springframework/spring-expression/4.1.6.RELEASE/spring-expression-4.1.6.RELEASE.pom
2015-05-27 13:05:59,350 [Worker-7] INFO  o.e.m.c.i.e.AbstractTransferListenerAdapter - Downloaded https://repo.spring.io/libs-release/org/springframework/spring-expression/4.1.6.RELEASE/spring-expression-4.1.6.RELEASE.pom
2015-05-27 13:05:59,650 [Worker-7] INFO  o.e.m.c.i.e.AbstractTransferListenerAdapter - Downloading https://repo.spring.io/libs-release/org/springframework/boot/spring-boot-autoconfigure/1.2.3.RELEASE/spring-boot-autoconfigure-1.2.3.RELEASE.pom
2015-05-27 13:05:59,825 [Worker-7] INFO  o.e.m.c.i.e.AbstractTransferListenerAdapter - Downloaded https://repo.spring.io/libs-release/org/springframework/boot/spring-boot-autoconfigure/1.2.3.RELEASE/spring-boot-autoconfigure-1.2.3.RELEASE.pom
2015-05-27 13:06:00,110 [Worker-7] INFO  o.e.m.c.i.e.AbstractTransferListenerAdapter - Downloading https://repo.spring.io/libs-release/org/yaml/snakeyaml/1.14/snakeyaml-1.14.pom
2015-05-27 13:06:00,290 [Worker-7] INFO  o.e.m.c.i.e.AbstractTransferListenerAdapter - Downloaded https://repo.spring.io/libs-release/org/yaml/snakeyaml/1.14/snakeyaml-1.14.pom
2015-05-27 13:06:00,560 [Worker-7] INFO  o.e.m.c.i.e.AbstractTransferListenerAdapter - Downloading https://repo.spring.io/libs-release/org/springframework/boot/spring-boot-starter-logging/1.2.3.RELEASE/spring-boot-starter-logging-1.2.3.RELEASE.pom
2015-05-27 13:06:00,670 [Worker-7] INFO  o.e.m.c.i.e.AbstractTransferListenerAdapter - Downloaded https://repo.spring.io/libs-release/org/springframework/boot/spring-boot-starter-logging/1.2.3.RELEASE/spring-boot-starter-logging-1.2.3.RELEASE.pom
2015-05-27 13:06:00,970 [Worker-7] INFO  o.e.m.c.i.e.AbstractTransferListenerAdapter - Downloading https://repo.spring.io/libs-release/org/slf4j/jcl-over-slf4j/1.7.11/jcl-over-slf4j-1.7.11.pom
2015-05-27 13:06:01,108 [Worker-7] INFO  o.e.m.c.i.e.AbstractTransferListenerAdapter - Downloaded https://repo.spring.io/libs-release/org/slf4j/jcl-over-slf4j/1.7.11/jcl-over-slf4j-1.7.11.pom
2015-05-27 13:06:01,379 [Worker-7] INFO  o.e.m.c.i.e.AbstractTransferListenerAdapter - Downloading https://repo.spring.io/libs-release/org/slf4j/slf4j-parent/1.7.11/slf4j-parent-1.7.11.pom
2015-05-27 13:06:01,499 [Worker-7] INFO  o.e.m.c.i.e.AbstractTransferListenerAdapter - Downloaded https://repo.spring.io/libs-release/org/slf4j/slf4j-parent/1.7.11/slf4j-parent-1.7.11.pom
2015-05-27 13:06:01,789 [Worker-7] INFO  o.e.m.c.i.e.AbstractTransferListenerAdapter - Downloading https://repo.spring.io/libs-release/org/slf4j/slf4j-api/1.7.11/slf4j-api-1.7.11.pom
2015-05-27 13:06:01,919 [Worker-7] INFO  o.e.m.c.i.e.AbstractTransferListenerAdapter - Downloaded https://repo.spring.io/libs-release/org/slf4j/slf4j-api/1.7.11/slf4j-api-1.7.11.pom
2015-05-27 13:06:02,210 [Worker-7] INFO  o.e.m.c.i.e.AbstractTransferListenerAdapter - Downloading https://repo.spring.io/libs-release/org/slf4j/jul-to-slf4j/1.7.11/jul-to-slf4j-1.7.11.pom
2015-05-27 13:06:02,370 [Worker-7] INFO  o.e.m.c.i.e.AbstractTransferListenerAdapter - Downloaded https://repo.spring.io/libs-release/org/slf4j/jul-to-slf4j/1.7.11/jul-to-slf4j-1.7.11.pom
2015-05-27 13:06:02,640 [Worker-7] INFO  o.e.m.c.i.e.AbstractTransferListenerAdapter - Downloading https://repo.spring.io/libs-release/org/slf4j/log4j-over-slf4j/1.7.11/log4j-over-slf4j-1.7.11.pom
2015-05-27 13:06:02,780 [Worker-7] INFO  o.e.m.c.i.e.AbstractTransferListenerAdapter - Downloaded https://repo.spring.io/libs-release/org/slf4j/log4j-over-slf4j/1.7.11/log4j-over-slf4j-1.7.11.pom
2015-05-27 13:06:03,060 [Worker-7] INFO  o.e.m.c.i.e.AbstractTransferListenerAdapter - Downloading https://repo.spring.io/libs-release/ch/qos/logback/logback-classic/1.1.3/logback-classic-1.1.3.pom
2015-05-27 13:06:03,209 [Worker-7] INFO  o.e.m.c.i.e.AbstractTransferListenerAdapter - Downloaded https://repo.spring.io/libs-release/ch/qos/logback/logback-classic/1.1.3/logback-classic-1.1.3.pom
2015-05-27 13:06:03,509 [Worker-7] INFO  o.e.m.c.i.e.AbstractTransferListenerAdapter - Downloading https://repo.spring.io/libs-release/ch/qos/logback/logback-parent/1.1.3/logback-parent-1.1.3.pom
2015-05-27 13:06:03,709 [Worker-7] INFO  o.e.m.c.i.e.AbstractTransferListenerAdapter - Downloaded https://repo.spring.io/libs-release/ch/qos/logback/logback-parent/1.1.3/logback-parent-1.1.3.pom
2015-05-27 13:06:04,107 [Worker-7] INFO  o.e.m.c.i.e.AbstractTransferListenerAdapter - Downloading https://repo.spring.io/libs-release/ch/qos/logback/logback-core/1.1.3/logback-core-1.1.3.pom
2015-05-27 13:06:04,253 [Worker-7] INFO  o.e.m.c.i.e.AbstractTransferListenerAdapter - Downloaded https://repo.spring.io/libs-release/ch/qos/logback/logback-core/1.1.3/logback-core-1.1.3.pom
2015-05-27 13:06:04,566 [Worker-7] INFO  o.e.m.c.i.e.AbstractTransferListenerAdapter - Downloading https://repo.spring.io/libs-release/org/springframework/boot/spring-boot-starter-tomcat/1.2.3.RELEASE/spring-boot-starter-tomcat-1.2.3.RELEASE.pom
2015-05-27 13:06:04,756 [Worker-7] INFO  o.e.m.c.i.e.AbstractTransferListenerAdapter - Downloaded https://repo.spring.io/libs-release/org/springframework/boot/spring-boot-starter-tomcat/1.2.3.RELEASE/spring-boot-starter-tomcat-1.2.3.RELEASE.pom
2015-05-27 13:06:05,106 [Worker-7] INFO  o.e.m.c.i.e.AbstractTransferListenerAdapter - Downloading https://repo.spring.io/libs-release/org/apache/tomcat/embed/tomcat-embed-core/8.0.20/tomcat-embed-core-8.0.20.pom
2015-05-27 13:06:05,235 [Worker-7] INFO  o.e.m.c.i.e.AbstractTransferListenerAdapter - Downloaded https://repo.spring.io/libs-release/org/apache/tomcat/embed/tomcat-embed-core/8.0.20/tomcat-embed-core-8.0.20.pom
2015-05-27 13:06:05,568 [Worker-7] INFO  o.e.m.c.i.e.AbstractTransferListenerAdapter - Downloading https://repo.spring.io/libs-release/org/apache/tomcat/embed/tomcat-embed-el/8.0.20/tomcat-embed-el-8.0.20.pom
2015-05-27 13:06:05,688 [Worker-7] INFO  o.e.m.c.i.e.AbstractTransferListenerAdapter - Downloaded https://repo.spring.io/libs-release/org/apache/tomcat/embed/tomcat-embed-el/8.0.20/tomcat-embed-el-8.0.20.pom
2015-05-27 13:06:05,978 [Worker-7] INFO  o.e.m.c.i.e.AbstractTransferListenerAdapter - Downloading https://repo.spring.io/libs-release/org/apache/tomcat/embed/tomcat-embed-logging-juli/8.0.20/tomcat-embed-logging-juli-8.0.20.pom
2015-05-27 13:06:06,112 [Worker-7] INFO  o.e.m.c.i.e.AbstractTransferListenerAdapter - Downloaded https://repo.spring.io/libs-release/org/apache/tomcat/embed/tomcat-embed-logging-juli/8.0.20/tomcat-embed-logging-juli-8.0.20.pom
2015-05-27 13:06:06,370 [Worker-7] INFO  o.e.m.c.i.e.AbstractTransferListenerAdapter - Downloading https://repo.spring.io/libs-release/org/apache/tomcat/embed/tomcat-embed-websocket/8.0.20/tomcat-embed-websocket-8.0.20.pom
2015-05-27 13:06:06,500 [Worker-7] INFO  o.e.m.c.i.e.AbstractTransferListenerAdapter - Downloaded https://repo.spring.io/libs-release/org/apache/tomcat/embed/tomcat-embed-websocket/8.0.20/tomcat-embed-websocket-8.0.20.pom
2015-05-27 13:06:06,790 [Worker-7] INFO  o.e.m.c.i.e.AbstractTransferListenerAdapter - Downloading https://repo.spring.io/libs-release/com/fasterxml/jackson/core/jackson-databind/2.4.5/jackson-databind-2.4.5.pom
2015-05-27 13:06:06,920 [Worker-7] INFO  o.e.m.c.i.e.AbstractTransferListenerAdapter - Downloaded https://repo.spring.io/libs-release/com/fasterxml/jackson/core/jackson-databind/2.4.5/jackson-databind-2.4.5.pom
2015-05-27 13:06:07,211 [Worker-7] INFO  o.e.m.c.i.e.AbstractTransferListenerAdapter - Downloading https://repo.spring.io/libs-release/com/fasterxml/jackson/jackson-parent/2.4/jackson-parent-2.4.pom
2015-05-27 13:06:07,364 [Worker-7] INFO  o.e.m.c.i.e.AbstractTransferListenerAdapter - Downloaded https://repo.spring.io/libs-release/com/fasterxml/jackson/jackson-parent/2.4/jackson-parent-2.4.pom
2015-05-27 13:06:07,684 [Worker-7] INFO  o.e.m.c.i.e.AbstractTransferListenerAdapter - Downloading https://repo.spring.io/libs-release/com/fasterxml/oss-parent/16/oss-parent-16.pom
2015-05-27 13:06:07,834 [Worker-7] INFO  o.e.m.c.i.e.AbstractTransferListenerAdapter - Downloaded https://repo.spring.io/libs-release/com/fasterxml/oss-parent/16/oss-parent-16.pom
2015-05-27 13:06:08,118 [Worker-7] INFO  o.e.m.c.i.e.AbstractTransferListenerAdapter - Downloading https://repo.spring.io/libs-release/com/fasterxml/jackson/core/jackson-annotations/2.4.5/jackson-annotations-2.4.5.pom
2015-05-27 13:06:08,238 [Worker-7] INFO  o.e.m.c.i.e.AbstractTransferListenerAdapter - Downloaded https://repo.spring.io/libs-release/com/fasterxml/jackson/core/jackson-annotations/2.4.5/jackson-annotations-2.4.5.pom
2015-05-27 13:06:08,528 [Worker-7] INFO  o.e.m.c.i.e.AbstractTransferListenerAdapter - Downloading https://repo.spring.io/libs-release/com/fasterxml/jackson/core/jackson-core/2.4.5/jackson-core-2.4.5.pom
2015-05-27 13:06:08,648 [Worker-7] INFO  o.e.m.c.i.e.AbstractTransferListenerAdapter - Downloaded https://repo.spring.io/libs-release/com/fasterxml/jackson/core/jackson-core/2.4.5/jackson-core-2.4.5.pom
2015-05-27 13:06:08,948 [Worker-7] INFO  o.e.m.c.i.e.AbstractTransferListenerAdapter - Downloading https://repo.spring.io/libs-release/org/hibernate/hibernate-validator/5.1.3.Final/hibernate-validator-5.1.3.Final.pom
2015-05-27 13:06:09,088 [Worker-7] INFO  o.e.m.c.i.e.AbstractTransferListenerAdapter - Downloaded https://repo.spring.io/libs-release/org/hibernate/hibernate-validator/5.1.3.Final/hibernate-validator-5.1.3.Final.pom
2015-05-27 13:06:09,401 [Worker-7] INFO  o.e.m.c.i.e.AbstractTransferListenerAdapter - Downloading https://repo.spring.io/libs-release/org/hibernate/hibernate-validator-parent/5.1.3.Final/hibernate-validator-parent-5.1.3.Final.pom
2015-05-27 13:06:09,571 [Worker-7] INFO  o.e.m.c.i.e.AbstractTransferListenerAdapter - Downloaded https://repo.spring.io/libs-release/org/hibernate/hibernate-validator-parent/5.1.3.Final/hibernate-validator-parent-5.1.3.Final.pom
2015-05-27 13:06:09,861 [Worker-7] INFO  o.e.m.c.i.e.AbstractTransferListenerAdapter - Downloading https://repo.spring.io/libs-release/org/jboss/arquillian/arquillian-bom/1.0.2.Final/arquillian-bom-1.0.2.Final.pom
2015-05-27 13:06:09,981 [Worker-7] INFO  o.e.m.c.i.e.AbstractTransferListenerAdapter - Downloaded https://repo.spring.io/libs-release/org/jboss/arquillian/arquillian-bom/1.0.2.Final/arquillian-bom-1.0.2.Final.pom
2015-05-27 13:06:10,267 [Worker-7] INFO  o.e.m.c.i.e.AbstractTransferListenerAdapter - Downloading https://repo.spring.io/libs-release/org/jboss/shrinkwrap/shrinkwrap-bom/1.0.1/shrinkwrap-bom-1.0.1.pom
2015-05-27 13:06:10,397 [Worker-7] INFO  o.e.m.c.i.e.AbstractTransferListenerAdapter - Downloaded https://repo.spring.io/libs-release/org/jboss/shrinkwrap/shrinkwrap-bom/1.0.1/shrinkwrap-bom-1.0.1.pom
2015-05-27 13:06:10,718 [Worker-7] INFO  o.e.m.c.i.e.AbstractTransferListenerAdapter - Downloading https://repo.spring.io/libs-release/org/jboss/shrinkwrap/resolver/shrinkwrap-resolver-bom/1.0.0-beta-7/shrinkwrap-resolver-bom-1.0.0-beta-7.pom
2015-05-27 13:06:10,868 [Worker-7] INFO  o.e.m.c.i.e.AbstractTransferListenerAdapter - Downloaded https://repo.spring.io/libs-release/org/jboss/shrinkwrap/resolver/shrinkwrap-resolver-bom/1.0.0-beta-7/shrinkwrap-resolver-bom-1.0.0-beta-7.pom
2015-05-27 13:06:11,153 [Worker-7] INFO  o.e.m.c.i.e.AbstractTransferListenerAdapter - Downloading https://repo.spring.io/libs-release/org/jboss/shrinkwrap/descriptors/shrinkwrap-descriptors-bom/2.0.0-alpha-3/shrinkwrap-descriptors-bom-2.0.0-alpha-3.pom
2015-05-27 13:06:11,427 [Worker-7] INFO  o.e.m.c.i.e.AbstractTransferListenerAdapter - Downloaded https://repo.spring.io/libs-release/org/jboss/shrinkwrap/descriptors/shrinkwrap-descriptors-bom/2.0.0-alpha-3/shrinkwrap-descriptors-bom-2.0.0-alpha-3.pom
2015-05-27 13:06:11,717 [Worker-7] INFO  o.e.m.c.i.e.AbstractTransferListenerAdapter - Downloading https://repo.spring.io/libs-release/javax/validation/validation-api/1.1.0.Final/validation-api-1.1.0.Final.pom
2015-05-27 13:06:11,847 [Worker-7] INFO  o.e.m.c.i.e.AbstractTransferListenerAdapter - Downloaded https://repo.spring.io/libs-release/javax/validation/validation-api/1.1.0.Final/validation-api-1.1.0.Final.pom
2015-05-27 13:06:12,143 [Worker-7] INFO  o.e.m.c.i.e.AbstractTransferListenerAdapter - Downloading https://repo.spring.io/libs-release/org/jboss/logging/jboss-logging/3.1.3.GA/jboss-logging-3.1.3.GA.pom
2015-05-27 13:06:12,267 [Worker-7] INFO  o.e.m.c.i.e.AbstractTransferListenerAdapter - Downloaded https://repo.spring.io/libs-release/org/jboss/logging/jboss-logging/3.1.3.GA/jboss-logging-3.1.3.GA.pom
2015-05-27 13:06:12,577 [Worker-7] INFO  o.e.m.c.i.e.AbstractTransferListenerAdapter - Downloading https://repo.spring.io/libs-release/com/fasterxml/classmate/1.0.0/classmate-1.0.0.pom
2015-05-27 13:06:12,697 [Worker-7] INFO  o.e.m.c.i.e.AbstractTransferListenerAdapter - Downloaded https://repo.spring.io/libs-release/com/fasterxml/classmate/1.0.0/classmate-1.0.0.pom
2015-05-27 13:06:12,987 [Worker-7] INFO  o.e.m.c.i.e.AbstractTransferListenerAdapter - Downloading https://repo.spring.io/libs-release/org/springframework/spring-web/4.1.6.RELEASE/spring-web-4.1.6.RELEASE.pom
2015-05-27 13:06:13,117 [Worker-7] INFO  o.e.m.c.i.e.AbstractTransferListenerAdapter - Downloaded https://repo.spring.io/libs-release/org/springframework/spring-web/4.1.6.RELEASE/spring-web-4.1.6.RELEASE.pom
2015-05-27 13:06:13,443 [Worker-7] INFO  o.e.m.c.i.e.AbstractTransferListenerAdapter - Downloading https://repo.spring.io/libs-release/org/springframework/spring-webmvc/4.1.6.RELEASE/spring-webmvc-4.1.6.RELEASE.pom
2015-05-27 13:06:13,713 [Worker-7] INFO  o.e.m.c.i.e.AbstractTransferListenerAdapter - Downloaded https://repo.spring.io/libs-release/org/springframework/spring-webmvc/4.1.6.RELEASE/spring-webmvc-4.1.6.RELEASE.pom
2015-05-27 13:06:14,017 [Worker-7] INFO  o.e.m.c.i.e.AbstractTransferListenerAdapter - Downloading https://repo.spring.io/libs-release/org/springframework/boot/spring-boot-starter-web/1.2.3.RELEASE/spring-boot-starter-web-1.2.3.RELEASE.jar
2015-05-27 13:06:14,160 [Worker-7] INFO  o.e.m.c.i.e.AbstractTransferListenerAdapter - Downloaded https://repo.spring.io/libs-release/org/springframework/boot/spring-boot-starter-web/1.2.3.RELEASE/spring-boot-starter-web-1.2.3.RELEASE.jar
2015-05-27 13:06:14,230 [Worker-7] INFO  o.e.m.c.i.e.AbstractTransferListenerAdapter - Downloading https://repo.spring.io/libs-release/org/springframework/boot/spring-boot-starter/1.2.3.RELEASE/spring-boot-starter-1.2.3.RELEASE.jar
2015-05-27 13:06:14,360 [Worker-7] INFO  o.e.m.c.i.e.AbstractTransferListenerAdapter - Downloaded https://repo.spring.io/libs-release/org/springframework/boot/spring-boot-starter/1.2.3.RELEASE/spring-boot-starter-1.2.3.RELEASE.jar
2015-05-27 13:06:14,430 [Worker-7] INFO  o.e.m.c.i.e.AbstractTransferListenerAdapter - Downloading https://repo.spring.io/libs-release/org/springframework/boot/spring-boot/1.2.3.RELEASE/spring-boot-1.2.3.RELEASE.jar
2015-05-27 13:06:14,890 [Worker-7] INFO  o.e.m.c.i.e.AbstractTransferListenerAdapter - Downloaded https://repo.spring.io/libs-release/org/springframework/boot/spring-boot/1.2.3.RELEASE/spring-boot-1.2.3.RELEASE.jar
2015-05-27 13:06:14,960 [Worker-7] INFO  o.e.m.c.i.e.AbstractTransferListenerAdapter - Downloading https://repo.spring.io/libs-release/org/springframework/boot/spring-boot-autoconfigure/1.2.3.RELEASE/spring-boot-autoconfigure-1.2.3.RELEASE.jar
2015-05-27 13:06:15,359 [Worker-7] INFO  o.e.m.c.i.e.AbstractTransferListenerAdapter - Downloaded https://repo.spring.io/libs-release/org/springframework/boot/spring-boot-autoconfigure/1.2.3.RELEASE/spring-boot-autoconfigure-1.2.3.RELEASE.jar
2015-05-27 13:06:15,419 [Worker-7] INFO  o.e.m.c.i.e.AbstractTransferListenerAdapter - Downloading https://repo.spring.io/libs-release/org/springframework/boot/spring-boot-starter-logging/1.2.3.RELEASE/spring-boot-starter-logging-1.2.3.RELEASE.jar
2015-05-27 13:06:15,539 [Worker-7] INFO  o.e.m.c.i.e.AbstractTransferListenerAdapter - Downloaded https://repo.spring.io/libs-release/org/springframework/boot/spring-boot-starter-logging/1.2.3.RELEASE/spring-boot-starter-logging-1.2.3.RELEASE.jar
2015-05-27 13:06:15,619 [Worker-7] INFO  o.e.m.c.i.e.AbstractTransferListenerAdapter - Downloading https://repo.spring.io/libs-release/org/slf4j/jcl-over-slf4j/1.7.11/jcl-over-slf4j-1.7.11.jar
2015-05-27 13:06:15,759 [Worker-7] INFO  o.e.m.c.i.e.AbstractTransferListenerAdapter - Downloaded https://repo.spring.io/libs-release/org/slf4j/jcl-over-slf4j/1.7.11/jcl-over-slf4j-1.7.11.jar
2015-05-27 13:06:15,839 [Worker-7] INFO  o.e.m.c.i.e.AbstractTransferListenerAdapter - Downloading https://repo.spring.io/libs-release/org/slf4j/slf4j-api/1.7.11/slf4j-api-1.7.11.jar
2015-05-27 13:06:16,019 [Worker-7] INFO  o.e.m.c.i.e.AbstractTransferListenerAdapter - Downloaded https://repo.spring.io/libs-release/org/slf4j/slf4j-api/1.7.11/slf4j-api-1.7.11.jar
2015-05-27 13:06:16,079 [Worker-7] INFO  o.e.m.c.i.e.AbstractTransferListenerAdapter - Downloading https://repo.spring.io/libs-release/org/slf4j/jul-to-slf4j/1.7.11/jul-to-slf4j-1.7.11.jar
2015-05-27 13:06:16,206 [Worker-7] INFO  o.e.m.c.i.e.AbstractTransferListenerAdapter - Downloaded https://repo.spring.io/libs-release/org/slf4j/jul-to-slf4j/1.7.11/jul-to-slf4j-1.7.11.jar
2015-05-27 13:06:16,286 [Worker-7] INFO  o.e.m.c.i.e.AbstractTransferListenerAdapter - Downloading https://repo.spring.io/libs-release/org/slf4j/log4j-over-slf4j/1.7.11/log4j-over-slf4j-1.7.11.jar
2015-05-27 13:06:16,486 [Worker-7] INFO  o.e.m.c.i.e.AbstractTransferListenerAdapter - Downloaded https://repo.spring.io/libs-release/org/slf4j/log4j-over-slf4j/1.7.11/log4j-over-slf4j-1.7.11.jar
2015-05-27 13:06:16,806 [Worker-7] INFO  o.e.m.c.i.e.AbstractTransferListenerAdapter - Downloading https://repo.spring.io/libs-release/ch/qos/logback/logback-classic/1.1.3/logback-classic-1.1.3.jar
2015-05-27 13:06:17,272 [Worker-7] INFO  o.e.m.c.i.e.AbstractTransferListenerAdapter - Downloaded https://repo.spring.io/libs-release/ch/qos/logback/logback-classic/1.1.3/logback-classic-1.1.3.jar
2015-05-27 13:06:17,472 [Worker-7] INFO  o.e.m.c.i.e.AbstractTransferListenerAdapter - Downloading https://repo.spring.io/libs-release/ch/qos/logback/logback-core/1.1.3/logback-core-1.1.3.jar
2015-05-27 13:06:17,932 [Worker-7] INFO  o.e.m.c.i.e.AbstractTransferListenerAdapter - Downloaded https://repo.spring.io/libs-release/ch/qos/logback/logback-core/1.1.3/logback-core-1.1.3.jar
2015-05-27 13:06:18,102 [Worker-7] INFO  o.e.m.c.i.e.AbstractTransferListenerAdapter - Downloading https://repo.spring.io/libs-release/org/yaml/snakeyaml/1.14/snakeyaml-1.14.jar
2015-05-27 13:06:18,432 [Worker-7] INFO  o.e.m.c.i.e.AbstractTransferListenerAdapter - Downloaded https://repo.spring.io/libs-release/org/yaml/snakeyaml/1.14/snakeyaml-1.14.jar
2015-05-27 13:06:18,492 [Worker-7] INFO  o.e.m.c.i.e.AbstractTransferListenerAdapter - Downloading https://repo.spring.io/libs-release/org/springframework/boot/spring-boot-starter-tomcat/1.2.3.RELEASE/spring-boot-starter-tomcat-1.2.3.RELEASE.jar
2015-05-27 13:06:18,622 [Worker-7] INFO  o.e.m.c.i.e.AbstractTransferListenerAdapter - Downloaded https://repo.spring.io/libs-release/org/springframework/boot/spring-boot-starter-tomcat/1.2.3.RELEASE/spring-boot-starter-tomcat-1.2.3.RELEASE.jar
2015-05-27 13:06:18,802 [Worker-7] INFO  o.e.m.c.i.e.AbstractTransferListenerAdapter - Downloading https://repo.spring.io/libs-release/org/apache/tomcat/embed/tomcat-embed-core/8.0.20/tomcat-embed-core-8.0.20.jar
2015-05-27 13:06:20,318 [Worker-7] INFO  o.e.m.c.i.e.AbstractTransferListenerAdapter - Downloaded https://repo.spring.io/libs-release/org/apache/tomcat/embed/tomcat-embed-core/8.0.20/tomcat-embed-core-8.0.20.jar
2015-05-27 13:06:20,518 [Worker-7] INFO  o.e.m.c.i.e.AbstractTransferListenerAdapter - Downloading https://repo.spring.io/libs-release/org/apache/tomcat/embed/tomcat-embed-el/8.0.20/tomcat-embed-el-8.0.20.jar
2015-05-27 13:06:20,748 [Worker-7] INFO  o.e.m.c.i.e.AbstractTransferListenerAdapter - Downloaded https://repo.spring.io/libs-release/org/apache/tomcat/embed/tomcat-embed-el/8.0.20/tomcat-embed-el-8.0.20.jar
2015-05-27 13:06:20,928 [Worker-7] INFO  o.e.m.c.i.e.AbstractTransferListenerAdapter - Downloading https://repo.spring.io/libs-release/org/apache/tomcat/embed/tomcat-embed-logging-juli/8.0.20/tomcat-embed-logging-juli-8.0.20.jar
2015-05-27 13:06:21,222 [Worker-7] INFO  o.e.m.c.i.e.AbstractTransferListenerAdapter - Downloaded https://repo.spring.io/libs-release/org/apache/tomcat/embed/tomcat-embed-logging-juli/8.0.20/tomcat-embed-logging-juli-8.0.20.jar
2015-05-27 13:06:21,388 [Worker-7] INFO  o.e.m.c.i.e.AbstractTransferListenerAdapter - Downloading https://repo.spring.io/libs-release/org/apache/tomcat/embed/tomcat-embed-websocket/8.0.20/tomcat-embed-websocket-8.0.20.jar
2015-05-27 13:06:21,718 [Worker-7] INFO  o.e.m.c.i.e.AbstractTransferListenerAdapter - Downloaded https://repo.spring.io/libs-release/org/apache/tomcat/embed/tomcat-embed-websocket/8.0.20/tomcat-embed-websocket-8.0.20.jar
2015-05-27 13:06:21,888 [Worker-7] INFO  o.e.m.c.i.e.AbstractTransferListenerAdapter - Downloading https://repo.spring.io/libs-release/com/fasterxml/jackson/core/jackson-databind/2.4.5/jackson-databind-2.4.5.jar
2015-05-27 13:06:22,599 [Worker-7] INFO  o.e.m.c.i.e.AbstractTransferListenerAdapter - Downloaded https://repo.spring.io/libs-release/com/fasterxml/jackson/core/jackson-databind/2.4.5/jackson-databind-2.4.5.jar
2015-05-27 13:06:22,769 [Worker-7] INFO  o.e.m.c.i.e.AbstractTransferListenerAdapter - Downloading https://repo.spring.io/libs-release/com/fasterxml/jackson/core/jackson-annotations/2.4.5/jackson-annotations-2.4.5.jar
2015-05-27 13:06:23,079 [Worker-7] INFO  o.e.m.c.i.e.AbstractTransferListenerAdapter - Downloaded https://repo.spring.io/libs-release/com/fasterxml/jackson/core/jackson-annotations/2.4.5/jackson-annotations-2.4.5.jar
2015-05-27 13:06:23,331 [Worker-7] INFO  o.e.m.c.i.e.AbstractTransferListenerAdapter - Downloading https://repo.spring.io/libs-release/com/fasterxml/jackson/core/jackson-core/2.4.5/jackson-core-2.4.5.jar
2015-05-27 13:06:23,751 [Worker-7] INFO  o.e.m.c.i.e.AbstractTransferListenerAdapter - Downloaded https://repo.spring.io/libs-release/com/fasterxml/jackson/core/jackson-core/2.4.5/jackson-core-2.4.5.jar
2015-05-27 13:06:23,971 [Worker-7] INFO  o.e.m.c.i.e.AbstractTransferListenerAdapter - Downloading https://repo.spring.io/libs-release/org/hibernate/hibernate-validator/5.1.3.Final/hibernate-validator-5.1.3.Final.jar
2015-05-27 13:06:24,517 [Worker-7] INFO  o.e.m.c.i.e.AbstractTransferListenerAdapter - Downloaded https://repo.spring.io/libs-release/org/hibernate/hibernate-validator/5.1.3.Final/hibernate-validator-5.1.3.Final.jar
2015-05-27 13:06:24,627 [Worker-7] INFO  o.e.m.c.i.e.AbstractTransferListenerAdapter - Downloading https://repo.spring.io/libs-release/javax/validation/validation-api/1.1.0.Final/validation-api-1.1.0.Final.jar
2015-05-27 13:06:24,877 [Worker-7] INFO  o.e.m.c.i.e.AbstractTransferListenerAdapter - Downloaded https://repo.spring.io/libs-release/javax/validation/validation-api/1.1.0.Final/validation-api-1.1.0.Final.jar
2015-05-27 13:06:24,947 [Worker-7] INFO  o.e.m.c.i.e.AbstractTransferListenerAdapter - Downloading https://repo.spring.io/libs-release/org/jboss/logging/jboss-logging/3.1.3.GA/jboss-logging-3.1.3.GA.jar
2015-05-27 13:06:25,209 [Worker-7] INFO  o.e.m.c.i.e.AbstractTransferListenerAdapter - Downloaded https://repo.spring.io/libs-release/org/jboss/logging/jboss-logging/3.1.3.GA/jboss-logging-3.1.3.GA.jar
2015-05-27 13:06:25,297 [Worker-7] INFO  o.e.m.c.i.e.AbstractTransferListenerAdapter - Downloading https://repo.spring.io/libs-release/com/fasterxml/classmate/1.0.0/classmate-1.0.0.jar
2015-05-27 13:06:25,497 [Worker-7] INFO  o.e.m.c.i.e.AbstractTransferListenerAdapter - Downloaded https://repo.spring.io/libs-release/com/fasterxml/classmate/1.0.0/classmate-1.0.0.jar
2015-05-27 13:06:25,577 [Worker-7] INFO  o.e.m.c.i.e.AbstractTransferListenerAdapter - Downloading https://repo.spring.io/libs-release/org/springframework/spring-core/4.1.6.RELEASE/spring-core-4.1.6.RELEASE.jar
2015-05-27 13:06:26,293 [Worker-7] INFO  o.e.m.c.i.e.AbstractTransferListenerAdapter - Downloaded https://repo.spring.io/libs-release/org/springframework/spring-core/4.1.6.RELEASE/spring-core-4.1.6.RELEASE.jar
2015-05-27 13:06:26,363 [Worker-7] INFO  o.e.m.c.i.e.AbstractTransferListenerAdapter - Downloading https://repo.spring.io/libs-release/org/springframework/spring-web/4.1.6.RELEASE/spring-web-4.1.6.RELEASE.jar
2015-05-27 13:06:26,929 [Worker-7] INFO  o.e.m.c.i.e.AbstractTransferListenerAdapter - Downloaded https://repo.spring.io/libs-release/org/springframework/spring-web/4.1.6.RELEASE/spring-web-4.1.6.RELEASE.jar
2015-05-27 13:06:26,999 [Worker-7] INFO  o.e.m.c.i.e.AbstractTransferListenerAdapter - Downloading https://repo.spring.io/libs-release/org/springframework/spring-aop/4.1.6.RELEASE/spring-aop-4.1.6.RELEASE.jar
2015-05-27 13:06:27,383 [Worker-7] INFO  o.e.m.c.i.e.AbstractTransferListenerAdapter - Downloaded https://repo.spring.io/libs-release/org/springframework/spring-aop/4.1.6.RELEASE/spring-aop-4.1.6.RELEASE.jar
2015-05-27 13:06:27,533 [Worker-7] INFO  o.e.m.c.i.e.AbstractTransferListenerAdapter - Downloading https://repo.spring.io/libs-release/org/springframework/spring-beans/4.1.6.RELEASE/spring-beans-4.1.6.RELEASE.jar
2015-05-27 13:06:28,183 [Worker-7] INFO  o.e.m.c.i.e.AbstractTransferListenerAdapter - Downloaded https://repo.spring.io/libs-release/org/springframework/spring-beans/4.1.6.RELEASE/spring-beans-4.1.6.RELEASE.jar
2015-05-27 13:06:28,253 [Worker-7] INFO  o.e.m.c.i.e.AbstractTransferListenerAdapter - Downloading https://repo.spring.io/libs-release/org/springframework/spring-context/4.1.6.RELEASE/spring-context-4.1.6.RELEASE.jar
2015-05-27 13:06:29,141 [Worker-7] INFO  o.e.m.c.i.e.AbstractTransferListenerAdapter - Downloaded https://repo.spring.io/libs-release/org/springframework/spring-context/4.1.6.RELEASE/spring-context-4.1.6.RELEASE.jar
2015-05-27 13:06:29,213 [Worker-7] INFO  o.e.m.c.i.e.AbstractTransferListenerAdapter - Downloading https://repo.spring.io/libs-release/org/springframework/spring-webmvc/4.1.6.RELEASE/spring-webmvc-4.1.6.RELEASE.jar
2015-05-27 13:06:29,920 [Worker-7] INFO  o.e.m.c.i.e.AbstractTransferListenerAdapter - Downloaded https://repo.spring.io/libs-release/org/springframework/spring-webmvc/4.1.6.RELEASE/spring-webmvc-4.1.6.RELEASE.jar
2015-05-27 13:06:29,990 [Worker-7] INFO  o.e.m.c.i.e.AbstractTransferListenerAdapter - Downloading https://repo.spring.io/libs-release/org/springframework/spring-expression/4.1.6.RELEASE/spring-expression-4.1.6.RELEASE.jar
2015-05-27 13:06:30,269 [Worker-7] INFO  o.e.m.c.i.e.AbstractTransferListenerAdapter - Downloaded https://repo.spring.io/libs-release/org/springframework/spring-expression/4.1.6.RELEASE/spring-expression-4.1.6.RELEASE.jar
2015-05-27 13:06:30,639 [Worker-7] WARN  o.e.m.c.i.embedder.EclipseLogger - Failed to dispatch repository event to org.eclipse.m2e.core.internal.embedder.EclipseRepositoryListener: null
2015-05-27 13:06:31,626 [Worker-7] WARN  o.e.m.c.i.embedder.EclipseLogger - Failed to dispatch repository event to org.eclipse.m2e.core.internal.embedder.EclipseRepositoryListener: null
2015-05-27 13:06:32,226 [Worker-7] INFO  o.e.m.c.i.e.AbstractTransferListenerAdapter - Downloading https://repo.spring.io/libs-release/org/apache/maven/plugins/maven-resources-plugin/2.6/maven-resources-plugin-2.6.pom
2015-05-27 13:06:32,355 [Worker-7] INFO  o.e.m.c.i.e.AbstractTransferListenerAdapter - Downloaded https://repo.spring.io/libs-release/org/apache/maven/plugins/maven-resources-plugin/2.6/maven-resources-plugin-2.6.pom
2015-05-27 13:06:32,633 [Worker-7] INFO  o.e.m.c.i.e.AbstractTransferListenerAdapter - Downloading https://repo.spring.io/libs-release/org/apache/maven/plugins/maven-plugins/23/maven-plugins-23.pom
2015-05-27 13:06:32,763 [Worker-7] INFO  o.e.m.c.i.e.AbstractTransferListenerAdapter - Downloaded https://repo.spring.io/libs-release/org/apache/maven/plugins/maven-plugins/23/maven-plugins-23.pom
2015-05-27 13:06:33,193 [Worker-7] INFO  o.e.m.c.i.e.AbstractTransferListenerAdapter - Downloading https://repo.spring.io/libs-release/org/apache/maven/shared/maven-filtering/1.1/maven-filtering-1.1.pom
2015-05-27 13:06:33,328 [Worker-7] INFO  o.e.m.c.i.e.AbstractTransferListenerAdapter - Downloaded https://repo.spring.io/libs-release/org/apache/maven/shared/maven-filtering/1.1/maven-filtering-1.1.pom
2015-05-27 13:06:33,651 [Worker-7] INFO  o.e.m.c.i.e.AbstractTransferListenerAdapter - Downloading https://repo.spring.io/libs-release/org/apache/maven/shared/maven-shared-components/17/maven-shared-components-17.pom
2015-05-27 13:06:33,811 [Worker-7] INFO  o.e.m.c.i.e.AbstractTransferListenerAdapter - Downloaded https://repo.spring.io/libs-release/org/apache/maven/shared/maven-shared-components/17/maven-shared-components-17.pom
2015-05-27 13:06:34,131 [Worker-7] INFO  o.e.m.c.i.e.AbstractTransferListenerAdapter - Downloading https://repo.spring.io/libs-release/org/apache/maven/maven-parent/21/maven-parent-21.pom
2015-05-27 13:06:34,335 [Worker-7] INFO  o.e.m.c.i.e.AbstractTransferListenerAdapter - Downloaded https://repo.spring.io/libs-release/org/apache/maven/maven-parent/21/maven-parent-21.pom
2015-05-27 13:06:34,695 [Worker-7] INFO  o.e.m.c.i.e.AbstractTransferListenerAdapter - Downloading https://repo.spring.io/libs-release/org/apache/maven/shared/maven-filtering/1.1/maven-filtering-1.1.jar
2015-05-27 13:06:34,945 [Worker-7] INFO  o.e.m.c.i.e.AbstractTransferListenerAdapter - Downloaded https://repo.spring.io/libs-release/org/apache/maven/shared/maven-filtering/1.1/maven-filtering-1.1.jar
2015-05-27 13:06:35,165 [Worker-13] INFO  o.e.m.c.i.l.LifecycleMappingFactory - Using org.eclipse.m2e.jdt.JarLifecycleMapping lifecycle mapping for MavenProject: org.springframework:gs-rest-service:0.1.0 @ C:\Git\spring-learning\gs-rest-service-complete\pom.xml.
2015-05-27 13:06:35,175 [Worker-7] INFO  o.e.m.j.i.AbstractJavaProjectConfigurator - Adding source folder /gs-rest-service-complete/src/main/java
2015-05-27 13:06:35,185 [Worker-7] INFO  o.e.m.j.i.AbstractJavaProjectConfigurator - Adding source folder /gs-rest-service-complete/src/test/java
2015-05-27 13:06:35,777 [Worker-7] INFO  o.e.m.c.i.p.ProjectConfigurationManager - Imported and configured 1 project(s) in 56 sec
2015-05-27 13:06:35,777 [Worker-7] INFO  o.e.m.c.i.p.ProjectConfigurationManager - Update started
2015-05-27 13:06:35,957 [Worker-7] INFO  o.e.m.c.i.l.LifecycleMappingFactory - Using org.eclipse.m2e.jdt.JarLifecycleMapping lifecycle mapping for MavenProject: org.springframework:gs-rest-service:0.1.0 @ C:\Git\spring-learning\gs-rest-service-complete\pom.xml.
2015-05-27 13:06:36,482 [Worker-7] INFO  o.e.m.j.i.AbstractJavaProjectConfigurator - Adding source folder /gs-rest-service-complete/src/main/java
2015-05-27 13:06:36,492 [Worker-7] INFO  o.e.m.j.i.AbstractJavaProjectConfigurator - Adding source folder /gs-rest-service-complete/src/test/java
2015-05-27 13:06:36,822 [Worker-7] INFO  o.e.m.c.i.l.LifecycleMappingFactory - Using org.eclipse.m2e.jdt.JarLifecycleMapping lifecycle mapping for MavenProject: org.springframework:gs-rest-service:0.1.0 @ C:\Git\spring-learning\gs-rest-service-complete\pom.xml.
2015-05-27 13:06:36,972 [Worker-7] INFO  o.e.m.c.i.p.ProjectConfigurationManager - Update completed: 1 sec
2015-05-27 13:06:37,429 [Worker-7] INFO  o.e.m.c.i.l.LifecycleMappingFactory - Using org.eclipse.m2e.jdt.JarLifecycleMapping lifecycle mapping for MavenProject: org.springframework:gs-rest-service:0.1.0 @ C:\Git\spring-learning\gs-rest-service-initial\pom.xml.
2015-05-27 13:06:37,909 [Worker-7] INFO  o.e.m.j.i.AbstractJavaProjectConfigurator - Adding source folder /gs-rest-service-initial/src/main/java
2015-05-27 13:06:37,909 [Worker-7] INFO  o.e.m.j.i.AbstractJavaProjectConfigurator - Adding source folder /gs-rest-service-initial/src/test/java
2015-05-27 13:06:38,156 [Worker-7] INFO  o.e.m.c.i.p.ProjectConfigurationManager - Imported and configured 1 project(s) in 1 sec
2015-05-27 13:06:38,156 [Worker-7] INFO  o.e.m.c.i.p.ProjectConfigurationManager - Update started
2015-05-27 13:06:38,286 [Worker-7] INFO  o.e.m.c.i.l.LifecycleMappingFactory - Using org.eclipse.m2e.jdt.JarLifecycleMapping lifecycle mapping for MavenProject: org.springframework:gs-rest-service:0.1.0 @ C:\Git\spring-learning\gs-rest-service-initial\pom.xml.
2015-05-27 13:06:38,738 [Worker-7] INFO  o.e.m.j.i.AbstractJavaProjectConfigurator - Adding source folder /gs-rest-service-initial/src/main/java
2015-05-27 13:06:38,748 [Worker-7] INFO  o.e.m.j.i.AbstractJavaProjectConfigurator - Adding source folder /gs-rest-service-initial/src/test/java
2015-05-27 13:06:38,920 [Worker-20] INFO  o.e.m.c.i.l.LifecycleMappingFactory - Using org.eclipse.m2e.jdt.JarLifecycleMapping lifecycle mapping for MavenProject: org.springframework:gs-rest-service:0.1.0 @ C:\Git\spring-learning\gs-rest-service-complete\pom.xml.
2015-05-27 13:06:39,094 [Worker-7] INFO  o.e.m.c.i.l.LifecycleMappingFactory - Using org.eclipse.m2e.jdt.JarLifecycleMapping lifecycle mapping for MavenProject: org.springframework:gs-rest-service:0.1.0 @ C:\Git\spring-learning\gs-rest-service-initial\pom.xml.
2015-05-27 13:06:39,396 [Worker-7] INFO  o.e.m.c.i.p.ProjectConfigurationManager - Update completed: 1 sec
2015-05-27 13:06:40,489 [Worker-7] INFO  o.e.m.c.i.l.LifecycleMappingFactory - Using org.eclipse.m2e.jdt.JarLifecycleMapping lifecycle mapping for MavenProject: org.springframework:gs-rest-service:0.1.0 @ C:\Git\spring-learning\gs-rest-service-complete\pom.xml.
2015-05-27 13:06:41,081 [Worker-7] INFO  o.e.m.c.i.l.LifecycleMappingFactory - Using org.eclipse.m2e.jdt.JarLifecycleMapping lifecycle mapping for MavenProject: org.springframework:gs-rest-service:0.1.0 @ C:\Git\spring-learning\gs-rest-service-initial\pom.xml.
2015-05-27 13:08:03,614 [Worker-11] INFO  o.e.m.c.i.embedder.EclipseLogger - Using 'UTF-8' encoding to copy filtered resources.
2015-05-27 13:08:03,614 [Worker-11] INFO  o.e.m.c.i.embedder.EclipseLogger - skip non existing resourceDirectory C:\Git\spring-learning\gs-rest-service-complete\src\main\resources
2015-05-27 13:08:03,624 [Worker-11] INFO  o.e.m.c.i.embedder.EclipseLogger - skip non existing resourceDirectory C:\Git\spring-learning\gs-rest-service-complete\src\main\resources
2015-05-27 13:08:03,624 [Worker-11] INFO  o.e.m.c.i.embedder.EclipseLogger - Using 'UTF-8' encoding to copy filtered resources.
2015-05-27 13:08:03,624 [Worker-11] INFO  o.e.m.c.i.embedder.EclipseLogger - skip non existing resourceDirectory C:\Git\spring-learning\gs-rest-service-complete\src\test\resources
